[2020-04-15 17:58:28,475] : __main__ - INFO - Program Started...
[2020-04-15 17:58:59,723] : __main__ - INFO - Notifications fetched successfully..
[2020-04-15 18:01:35,259] : __main__ - INFO - Program Started...
[2020-04-15 18:01:36,416] : __main__ - INFO - Notifications fetched successfully..
[2020-04-15 18:02:54,424] : __main__ - INFO - Program Started...
[2020-04-15 18:02:55,643] : __main__ - INFO - Notifications fetched successfully..
[2020-04-15 18:03:54,733] : __main__ - INFO - Program Started...
[2020-04-15 18:03:56,170] : __main__ - INFO - Notifications fetched successfully..
[2020-04-15 18:03:56,170] : __main__ - INFO - Writing the text file...
[2020-04-15 18:03:56,170] : __main__ - INFO - Done writing the text file...
[2020-04-16 02:20:10,756] : __main__ - INFO - Program Started...
[2020-04-16 02:20:11,960] : __main__ - INFO - Notifications fetched successfully..
[2020-04-16 02:20:12,539] : __main__ - INFO - Showing output to the console only..
[2020-04-16 02:20:56,494] : __main__ - INFO - Program Started...
[2020-04-16 02:20:57,385] : __main__ - INFO - Notifications fetched successfully..
[2020-04-16 02:20:57,874] : __main__ - INFO - Showing output to the console only..
[2020-04-16 02:21:28,909] : __main__ - INFO - Program Started...
[2020-04-16 02:21:29,978] : __main__ - INFO - Notifications fetched successfully..
[2020-04-16 02:21:30,502] : __main__ - INFO - Showing output to the console only..
[2020-04-16 02:21:39,004] : __main__ - INFO - Program Started...
[2020-04-16 02:21:40,234] : __main__ - INFO - Notifications fetched successfully..
[2020-04-16 02:21:40,236] : __main__ - INFO - Showing output to a text file..
[2020-04-16 02:21:40,237] : __main__ - INFO - Writing the text file...
[2020-04-16 02:21:40,239] : __main__ - INFO - Done writing the text file...
[2020-04-16 20:54:48,938] : __main__ - INFO - Program Started...
[2020-04-16 20:54:50,141] : __main__ - INFO - Notifications fetched successfully..
[2020-04-16 20:54:50,328] : __main__ - INFO - Showing output to the console only..
[2020-04-16 21:16:22,564] : __main__ - INFO - Program Started...
[2020-04-16 21:16:23,923] : __main__ - INFO - Notifications fetched successfully..
[2020-04-16 21:16:23,923] : __main__ - INFO - Showing output to the console only..
[2020-04-29 22:37:22,193] : __main__ - INFO - Program Started...
[2020-04-29 22:37:24,758] : __main__ - INFO - Notifications fetched successfully..
[2020-04-29 22:37:24,758] : __main__ - INFO - Showing output to the console only..
[2020-04-29 22:37:41,948] : __main__ - INFO - Program Started...
[2020-04-29 22:37:43,731] : __main__ - INFO - Notifications fetched successfully..
[2020-04-29 22:37:43,735] : __main__ - INFO - Showing output to the console only..
[2020-04-29 22:38:38,663] : __main__ - INFO - Program Started...
[2020-04-29 22:38:40,844] : __main__ - INFO - Notifications fetched successfully..
[2020-04-29 22:38:40,848] : __main__ - INFO - Showing output to the console only..
[2020-04-29 22:38:51,752] : __main__ - INFO - Program Started...
[2020-04-29 22:38:53,568] : __main__ - INFO - Notifications fetched successfully..
[2020-04-29 22:38:53,568] : __main__ - INFO - Showing output to the console only..
[2020-04-29 22:39:02,904] : __main__ - INFO - Program Started...
[2020-04-29 22:39:04,812] : __main__ - INFO - Notifications fetched successfully..
[2020-04-29 22:39:04,812] : __main__ - INFO - Showing output to the console only..
[2020-04-29 22:40:28,735] : __main__ - INFO - Program Started...
[2020-04-29 22:40:31,602] : __main__ - INFO - Notifications fetched successfully..
[2020-04-29 22:40:31,606] : __main__ - INFO - Showing output to the console only..
[2020-04-29 22:46:57,429] : __main__ - INFO - Program Started...
[2020-04-29 22:46:59,714] : __main__ - INFO - Notifications fetched successfully..
[2020-04-29 22:46:59,714] : __main__ - INFO - Showing output to the console only..
[2020-04-29 22:50:23,692] : __main__ - INFO - Program Started...
[2020-04-29 22:50:25,815] : __main__ - INFO - Notifications fetched successfully..
[2020-04-29 22:50:25,819] : __main__ - INFO - Showing output to the console only..
[2020-04-29 22:51:08,296] : __main__ - INFO - Program Started...
[2020-04-29 22:51:10,245] : __main__ - INFO - Notifications fetched successfully..
[2020-04-29 22:51:10,245] : __main__ - INFO - Showing output to the console only..
[2020-04-29 22:51:33,566] : __main__ - INFO - Program Started...
[2020-04-29 22:51:36,049] : __main__ - INFO - Notifications fetched successfully..
[2020-04-29 22:51:36,049] : __main__ - INFO - Showing output to the console only..
[2020-04-29 22:51:50,324] : __main__ - INFO - Program Started...
[2020-04-29 22:51:52,430] : __main__ - INFO - Notifications fetched successfully..
[2020-04-29 22:51:52,430] : __main__ - INFO - Showing output to the console only..
[2020-04-29 22:54:27,018] : __main__ - INFO - Program Started...
[2020-04-29 22:54:29,913] : __main__ - INFO - Notifications fetched successfully..
[2020-04-29 22:54:29,917] : __main__ - INFO - Showing output to the console only..
[2020-04-29 22:54:53,585] : __main__ - INFO - Program Started...
[2020-04-29 22:54:58,626] : __main__ - INFO - Notifications fetched successfully..
[2020-04-29 22:54:58,626] : __main__ - INFO - Showing output to the console only..
[2020-04-29 23:01:27,211] : __main__ - INFO - Program Started...
[2020-04-29 23:01:29,803] : __main__ - INFO - Notifications fetched successfully..
[2020-04-29 23:01:29,803] : __main__ - INFO - Showing output to the console only..
[2020-04-29 23:02:28,026] : __main__ - INFO - Program Started...
[2020-04-29 23:02:30,131] : __main__ - INFO - Notifications fetched successfully..
[2020-04-29 23:02:30,146] : __main__ - INFO - Showing output to the console only..
[2020-04-29 23:02:44,064] : __main__ - INFO - Program Started...
[2020-04-29 23:02:45,699] : __main__ - INFO - Notifications fetched successfully..
[2020-04-29 23:02:45,699] : __main__ - INFO - Showing output to the console only..
[2020-04-29 23:10:15,600] : __main__ - INFO - Program Started...
[2020-04-29 23:10:19,056] : __main__ - INFO - Notifications fetched successfully..
[2020-04-29 23:10:19,056] : __main__ - INFO - Showing output to the console only..
[2020-04-29 23:11:00,167] : __main__ - INFO - Program Started...
[2020-04-29 23:11:03,671] : __main__ - INFO - Notifications fetched successfully..
[2020-04-29 23:11:03,671] : __main__ - INFO - Showing output to the console only..
[2020-04-29 23:17:17,128] : __main__ - INFO - Program Started...
[2020-04-29 23:17:19,483] : __main__ - INFO - Notifications fetched successfully..
[2020-04-29 23:17:19,483] : __main__ - INFO - Showing output to the console only..
[2020-04-29 23:23:39,796] : __main__ - INFO - Program Started...
[2020-04-29 23:23:42,507] : __main__ - INFO - Notifications fetched successfully..
[2020-04-29 23:23:42,507] : __main__ - INFO - Showing output to the console only..
[2020-04-29 23:23:57,191] : __main__ - INFO - Program Started...
[2020-04-29 23:24:02,234] : __main__ - INFO - Notifications fetched successfully..
[2020-04-29 23:24:02,237] : __main__ - INFO - Showing output to the console only..
[2020-04-29 23:24:22,023] : __main__ - INFO - Program Started...
[2020-04-29 23:24:24,299] : __main__ - INFO - Notifications fetched successfully..
[2020-04-29 23:24:24,314] : __main__ - INFO - Showing output to the console only..
[2020-04-29 23:34:44,785] : __main__ - INFO - Program Started...
[2020-04-29 23:34:47,039] : __main__ - INFO - Notifications fetched successfully..
[2020-04-29 23:34:47,039] : __main__ - INFO - Showing output to the console only..
[2020-04-29 23:35:39,980] : __main__ - INFO - Program Started...
[2020-04-29 23:35:42,281] : __main__ - INFO - Notifications fetched successfully..
[2020-04-29 23:35:42,282] : __main__ - INFO - Showing output to the console only..
[2020-04-29 23:36:17,200] : __main__ - INFO - Program Started...
[2020-04-29 23:36:19,441] : __main__ - INFO - Notifications fetched successfully..
[2020-04-29 23:36:19,442] : __main__ - INFO - Showing output to the console only..
[2020-04-29 23:36:50,858] : __main__ - INFO - Program Started...
[2020-04-29 23:36:52,928] : __main__ - INFO - Notifications fetched successfully..
[2020-04-29 23:36:52,928] : __main__ - INFO - Showing output to the console only..
[2020-04-29 23:37:28,313] : __main__ - INFO - Program Started...
[2020-04-29 23:37:30,892] : __main__ - INFO - Notifications fetched successfully..
[2020-04-29 23:37:30,892] : __main__ - INFO - Showing output to the console only..
[2020-04-29 23:38:47,176] : __main__ - INFO - Program Started...
[2020-04-29 23:38:49,946] : __main__ - INFO - Notifications fetched successfully..
[2020-04-29 23:38:49,946] : __main__ - INFO - Showing output to the console only..
[2020-04-29 23:39:54,422] : __main__ - INFO - Program Started...
[2020-04-29 23:40:00,145] : __main__ - INFO - Notifications fetched successfully..
[2020-04-29 23:40:00,145] : __main__ - INFO - Showing output to the console only..
[2020-04-29 23:42:15,049] : __main__ - INFO - Program Started...
[2020-04-29 23:42:17,582] : __main__ - INFO - Notifications fetched successfully..
[2020-04-29 23:42:17,582] : __main__ - INFO - Showing output to the console only..
[2020-04-29 23:42:41,421] : __main__ - INFO - Program Started...
[2020-04-29 23:42:44,391] : __main__ - INFO - Notifications fetched successfully..
[2020-04-29 23:42:44,392] : __main__ - INFO - Showing output to the console only..
[2020-04-29 23:44:07,068] : __main__ - INFO - Program Started...
